21:24:31.560 [main] INFO  i.g.c.config.GatlingConfiguration$ - Gatling will try to load 'gatling.conf' config file as ClassLoader resource.
21:24:31.755 [GatlingSystem-akka.actor.default-dispatcher-6] INFO  akka.event.slf4j.Slf4jLogger - Slf4jLogger started
21:24:32.225 [main] INFO  com.intuit.karate.Runner - using system property 'karate.env': perf
21:24:32.589 [main] INFO  com.intuit.karate - karate.env system property was: perf 
21:24:32.592 [main] INFO  com.intuit.karate - >> lock acquired, begin callSingle: classpath:helpers/createToken.feature
21:24:32.628 [main] INFO  com.intuit.karate - [print] (debugToday) userEmail = karate_siddy@test.com 
21:24:32.629 [main] INFO  com.intuit.karate - [print] (debugToday) userPass  = karate1234 
21:24:33.265 [main] INFO  com.intuit.karate - [print] authToken from createToken feature => eyJhbGciOiJIUzI1NiIsInR5cCI6IkpXVCJ9.eyJlbWFpbCI6ImthcmF0ZV9zaWRkeUB0ZXN0LmNvbSIsInVzZXJuYW1lIjoia2FyYXRlX3NpZGR5ODgiLCJpYXQiOjE2ODA1MjEwNzMsImV4cCI6MTY4NTcwNTA3M30.35NhJYUCgk8i-ppEBjAQ43tra8T1SEUf-LOVMOmH_Xk 
21:24:33.265 [main] INFO  com.intuit.karate - << lock released, cached callSingle: classpath:helpers/createToken.feature
21:24:33.270 [main] INFO  com.intuit.karate - [print] (debugToday) userEmail = karate_siddy@test.com 
21:24:33.271 [main] INFO  com.intuit.karate - [print] (debugToday) userPass  = karate1234 
21:24:33.894 [main] INFO  com.intuit.karate - [print] authToken from createToken feature => eyJhbGciOiJIUzI1NiIsInR5cCI6IkpXVCJ9.eyJlbWFpbCI6ImthcmF0ZV9zaWRkeUB0ZXN0LmNvbSIsInVzZXJuYW1lIjoia2FyYXRlX3NpZGR5ODgiLCJpYXQiOjE2ODA1MjEwNzMsImV4cCI6MTY4NTcwNTA3M30.35NhJYUCgk8i-ppEBjAQ43tra8T1SEUf-LOVMOmH_Xk 
21:24:33.898 [main] INFO  com.intuit.karate.Runner - using system property 'karate.env': perf
21:24:33.933 [main] INFO  com.intuit.karate - karate.env system property was: perf 
21:24:33.933 [main] INFO  com.intuit.karate - >> lock acquired, begin callSingle: classpath:helpers/createToken.feature
21:24:33.938 [main] INFO  com.intuit.karate - [print] (debugToday) userEmail = karate_siddy@test.com 
21:24:33.939 [main] INFO  com.intuit.karate - [print] (debugToday) userPass  = karate1234 
21:24:34.509 [main] INFO  com.intuit.karate - [print] authToken from createToken feature => eyJhbGciOiJIUzI1NiIsInR5cCI6IkpXVCJ9.eyJlbWFpbCI6ImthcmF0ZV9zaWRkeUB0ZXN0LmNvbSIsInVzZXJuYW1lIjoia2FyYXRlX3NpZGR5ODgiLCJpYXQiOjE2ODA1MjEwNzQsImV4cCI6MTY4NTcwNTA3NH0.LaVLywrO_B5_mQQ56hHXol4iVeB6dqcwtdPNw8-ohq4 
21:24:34.509 [main] INFO  com.intuit.karate - << lock released, cached callSingle: classpath:helpers/createToken.feature
21:24:34.512 [main] INFO  com.intuit.karate - [print] (debugToday) userEmail = karate_siddy@test.com 
21:24:34.512 [main] INFO  com.intuit.karate - [print] (debugToday) userPass  = karate1234 
21:24:35.242 [main] INFO  com.intuit.karate - [print] authToken from createToken feature => eyJhbGciOiJIUzI1NiIsInR5cCI6IkpXVCJ9.eyJlbWFpbCI6ImthcmF0ZV9zaWRkeUB0ZXN0LmNvbSIsInVzZXJuYW1lIjoia2FyYXRlX3NpZGR5ODgiLCJpYXQiOjE2ODA1MjEwNzUsImV4cCI6MTY4NTcwNTA3NX0.pf9hNEYlvAKUfhMHQ8TJg7IpppRBqC52-tbt4vv8QWY 
21:24:35.244 [main] INFO  com.intuit.karate.Runner - using system property 'karate.env': perf
21:24:35.249 [main] INFO  com.intuit.karate - karate.env system property was: perf 
21:24:35.250 [main] INFO  com.intuit.karate - >> lock acquired, begin callSingle: classpath:helpers/createToken.feature
21:24:35.255 [main] INFO  com.intuit.karate - [print] (debugToday) userEmail = karate_siddy@test.com 
21:24:35.256 [main] INFO  com.intuit.karate - [print] (debugToday) userPass  = karate1234 
21:24:35.857 [main] INFO  com.intuit.karate - [print] authToken from createToken feature => eyJhbGciOiJIUzI1NiIsInR5cCI6IkpXVCJ9.eyJlbWFpbCI6ImthcmF0ZV9zaWRkeUB0ZXN0LmNvbSIsInVzZXJuYW1lIjoia2FyYXRlX3NpZGR5ODgiLCJpYXQiOjE2ODA1MjEwNzUsImV4cCI6MTY4NTcwNTA3NX0.pf9hNEYlvAKUfhMHQ8TJg7IpppRBqC52-tbt4vv8QWY 
21:24:35.857 [main] INFO  com.intuit.karate - << lock released, cached callSingle: classpath:helpers/createToken.feature
21:24:35.858 [main] INFO  com.intuit.karate - [print] (debugToday) userEmail = karate_siddy@test.com 
21:24:35.859 [main] INFO  com.intuit.karate - [print] (debugToday) userPass  = karate1234 
21:24:36.451 [main] INFO  com.intuit.karate - [print] authToken from createToken feature => eyJhbGciOiJIUzI1NiIsInR5cCI6IkpXVCJ9.eyJlbWFpbCI6ImthcmF0ZV9zaWRkeUB0ZXN0LmNvbSIsInVzZXJuYW1lIjoia2FyYXRlX3NpZGR5ODgiLCJpYXQiOjE2ODA1MjEwNzYsImV4cCI6MTY4NTcwNTA3Nn0.6GZIKO5v4VQiQl-xZERsyr23Z9V5XQ_7OWDgjGEKkVU 
21:24:36.452 [main] INFO  com.intuit.karate.Runner - using system property 'karate.env': perf
21:24:36.455 [main] INFO  com.intuit.karate - karate.env system property was: perf 
21:24:36.455 [main] INFO  com.intuit.karate - >> lock acquired, begin callSingle: classpath:helpers/createToken.feature
21:24:36.458 [main] INFO  com.intuit.karate - [print] (debugToday) userEmail = karate_siddy@test.com 
21:24:36.458 [main] INFO  com.intuit.karate - [print] (debugToday) userPass  = karate1234 
21:24:37.049 [main] INFO  com.intuit.karate - [print] authToken from createToken feature => eyJhbGciOiJIUzI1NiIsInR5cCI6IkpXVCJ9.eyJlbWFpbCI6ImthcmF0ZV9zaWRkeUB0ZXN0LmNvbSIsInVzZXJuYW1lIjoia2FyYXRlX3NpZGR5ODgiLCJpYXQiOjE2ODA1MjEwNzYsImV4cCI6MTY4NTcwNTA3Nn0.6GZIKO5v4VQiQl-xZERsyr23Z9V5XQ_7OWDgjGEKkVU 
21:24:37.050 [main] INFO  com.intuit.karate - << lock released, cached callSingle: classpath:helpers/createToken.feature
21:24:37.052 [main] INFO  com.intuit.karate - [print] (debugToday) userEmail = karate_siddy@test.com 
21:24:37.053 [main] INFO  com.intuit.karate - [print] (debugToday) userPass  = karate1234 
21:24:37.623 [main] INFO  com.intuit.karate - [print] authToken from createToken feature => eyJhbGciOiJIUzI1NiIsInR5cCI6IkpXVCJ9.eyJlbWFpbCI6ImthcmF0ZV9zaWRkeUB0ZXN0LmNvbSIsInVzZXJuYW1lIjoia2FyYXRlX3NpZGR5ODgiLCJpYXQiOjE2ODA1MjEwNzcsImV4cCI6MTY4NTcwNTA3N30.jI4NZfGV282dxkQvSQvfurcgxtQHwcv6IoTfPaxF92Y 
21:24:37.681 [GatlingSystem-akka.actor.default-dispatcher-16] INFO  i.g.c.stats.writer.LogFileDataWriter - Initializing
21:24:37.681 [GatlingSystem-akka.actor.default-dispatcher-15] INFO  i.g.c.stats.writer.ConsoleDataWriter - Initializing
21:24:37.684 [GatlingSystem-akka.actor.default-dispatcher-15] INFO  i.g.c.stats.writer.ConsoleDataWriter - Initialized
21:24:37.685 [GatlingSystem-akka.actor.default-dispatcher-16] INFO  i.g.c.stats.writer.LogFileDataWriter - Initialized
21:24:37.697 [gatling-1-1] INFO  com.intuit.karate.Runner - using system property 'karate.env': perf
21:24:37.708 [GatlingSystem-akka.actor.default-dispatcher-24] INFO  com.intuit.karate - karate.env system property was: perf 
21:24:37.708 [GatlingSystem-akka.actor.default-dispatcher-24] INFO  com.intuit.karate - >> lock acquired, begin callSingle: classpath:helpers/createToken.feature
21:24:37.712 [GatlingSystem-akka.actor.default-dispatcher-24] INFO  com.intuit.karate - [print] (debugToday) userEmail = karate_siddy@test.com 
21:24:37.713 [GatlingSystem-akka.actor.default-dispatcher-24] INFO  com.intuit.karate - [print] (debugToday) userPass  = karate1234 
21:24:38.301 [GatlingSystem-akka.actor.default-dispatcher-24] INFO  com.intuit.karate - [print] authToken from createToken feature => eyJhbGciOiJIUzI1NiIsInR5cCI6IkpXVCJ9.eyJlbWFpbCI6ImthcmF0ZV9zaWRkeUB0ZXN0LmNvbSIsInVzZXJuYW1lIjoia2FyYXRlX3NpZGR5ODgiLCJpYXQiOjE2ODA1MjEwNzgsImV4cCI6MTY4NTcwNTA3OH0.iJp4iNq9qAMw_yIVDjo1WYmad8emiqLO_6LT0HmoAuA 
21:24:38.304 [GatlingSystem-akka.actor.default-dispatcher-24] INFO  com.intuit.karate - << lock released, cached callSingle: classpath:helpers/createToken.feature
21:24:38.346 [GatlingSystem-akka.actor.default-dispatcher-24] INFO  com.intuit.karate - Timestamp => 332023212438 
21:24:38.353 [GatlingSystem-akka.actor.default-dispatcher-24] INFO  com.intuit.karate - [print] requestPayload is (updated) => [object Object] 
21:24:41.691 [gatling-1-2] INFO  com.intuit.karate.Runner - using system property 'karate.env': perf
21:24:41.716 [GatlingSystem-akka.actor.default-dispatcher-42] INFO  com.intuit.karate - karate.env system property was: perf 
21:24:41.722 [GatlingSystem-akka.actor.default-dispatcher-42] INFO  com.intuit.karate - Timestamp => 332023212441 
21:24:41.723 [GatlingSystem-akka.actor.default-dispatcher-42] INFO  com.intuit.karate - [print] requestPayload is (updated) => [object Object] 
21:24:42.691 [gatling-1-3] INFO  com.intuit.karate.Runner - using system property 'karate.env': perf
21:24:42.710 [GatlingSystem-akka.actor.default-dispatcher-54] INFO  com.intuit.karate - karate.env system property was: perf 
21:24:42.720 [GatlingSystem-akka.actor.default-dispatcher-54] INFO  com.intuit.karate - Timestamp => 332023212442 
21:24:42.722 [GatlingSystem-akka.actor.default-dispatcher-54] INFO  com.intuit.karate - [print] requestPayload is (updated) => [object Object] 
21:24:43.692 [gatling-1-4] INFO  com.intuit.karate.Runner - using system property 'karate.env': perf
21:24:43.707 [GatlingSystem-akka.actor.default-dispatcher-68] INFO  com.intuit.karate - karate.env system property was: perf 
21:24:43.715 [GatlingSystem-akka.actor.default-dispatcher-68] INFO  com.intuit.karate - Timestamp => 332023212443 
21:24:43.716 [GatlingSystem-akka.actor.default-dispatcher-68] INFO  com.intuit.karate - [print] requestPayload is (updated) => [object Object] 
21:24:44.694 [gatling-1-5] INFO  com.intuit.karate.Runner - using system property 'karate.env': perf
21:24:44.705 [GatlingSystem-akka.actor.default-dispatcher-80] INFO  com.intuit.karate - karate.env system property was: perf 
21:24:44.711 [GatlingSystem-akka.actor.default-dispatcher-80] INFO  com.intuit.karate - Timestamp => 332023212444 
21:24:44.713 [GatlingSystem-akka.actor.default-dispatcher-80] INFO  com.intuit.karate - [print] requestPayload is (updated) => [object Object] 
21:24:45.689 [gatling-1-6] INFO  com.intuit.karate.Runner - using system property 'karate.env': perf
21:24:45.696 [GatlingSystem-akka.actor.default-dispatcher-92] INFO  com.intuit.karate - karate.env system property was: perf 
21:24:45.700 [GatlingSystem-akka.actor.default-dispatcher-92] INFO  com.intuit.karate - Timestamp => 332023212445 
21:24:45.702 [GatlingSystem-akka.actor.default-dispatcher-92] INFO  com.intuit.karate - [print] requestPayload is (updated) => [object Object] 
21:24:46.692 [gatling-1-7] INFO  com.intuit.karate.Runner - using system property 'karate.env': perf
21:24:46.706 [GatlingSystem-akka.actor.default-dispatcher-104] INFO  com.intuit.karate - karate.env system property was: perf 
21:24:46.713 [GatlingSystem-akka.actor.default-dispatcher-104] INFO  com.intuit.karate - Timestamp => 332023212446 
21:24:46.715 [GatlingSystem-akka.actor.default-dispatcher-104] INFO  com.intuit.karate - [print] requestPayload is (updated) => [object Object] 
21:24:47.191 [gatling-1-8] INFO  com.intuit.karate.Runner - using system property 'karate.env': perf
21:24:47.205 [GatlingSystem-akka.actor.default-dispatcher-11] INFO  com.intuit.karate - karate.env system property was: perf 
21:24:47.212 [GatlingSystem-akka.actor.default-dispatcher-11] INFO  com.intuit.karate - Timestamp => 332023212447 
21:24:47.214 [GatlingSystem-akka.actor.default-dispatcher-11] INFO  com.intuit.karate - [print] requestPayload is (updated) => [object Object] 
21:24:47.690 [gatling-1-9] INFO  com.intuit.karate.Runner - using system property 'karate.env': perf
21:24:47.704 [GatlingSystem-akka.actor.default-dispatcher-21] INFO  com.intuit.karate - karate.env system property was: perf 
21:24:47.710 [GatlingSystem-akka.actor.default-dispatcher-21] INFO  com.intuit.karate - Timestamp => 332023212447 
21:24:47.712 [GatlingSystem-akka.actor.default-dispatcher-21] INFO  com.intuit.karate - [print] requestPayload is (updated) => [object Object] 
21:24:48.190 [gatling-1-10] INFO  com.intuit.karate.Runner - using system property 'karate.env': perf
21:24:48.202 [GatlingSystem-akka.actor.default-dispatcher-35] INFO  com.intuit.karate - karate.env system property was: perf 
21:24:48.209 [GatlingSystem-akka.actor.default-dispatcher-35] INFO  com.intuit.karate - Timestamp => 332023212448 
21:24:48.211 [GatlingSystem-akka.actor.default-dispatcher-35] INFO  com.intuit.karate - [print] requestPayload is (updated) => [object Object] 
21:24:48.690 [gatling-1-11] INFO  com.intuit.karate.Runner - using system property 'karate.env': perf
21:24:48.704 [GatlingSystem-akka.actor.default-dispatcher-46] INFO  com.intuit.karate - karate.env system property was: perf 
21:24:48.710 [GatlingSystem-akka.actor.default-dispatcher-46] INFO  com.intuit.karate - Timestamp => 332023212448 
21:24:48.712 [GatlingSystem-akka.actor.default-dispatcher-46] INFO  com.intuit.karate - [print] requestPayload is (updated) => [object Object] 
21:24:49.191 [gatling-1-12] INFO  com.intuit.karate.Runner - using system property 'karate.env': perf
21:24:49.203 [GatlingSystem-akka.actor.default-dispatcher-57] INFO  com.intuit.karate - karate.env system property was: perf 
21:24:49.210 [GatlingSystem-akka.actor.default-dispatcher-57] INFO  com.intuit.karate - Timestamp => 332023212449 
21:24:49.211 [GatlingSystem-akka.actor.default-dispatcher-57] INFO  com.intuit.karate - [print] requestPayload is (updated) => [object Object] 
21:24:49.691 [gatling-1-13] INFO  com.intuit.karate.Runner - using system property 'karate.env': perf
21:24:49.702 [GatlingSystem-akka.actor.default-dispatcher-67] INFO  com.intuit.karate - karate.env system property was: perf 
21:24:49.709 [GatlingSystem-akka.actor.default-dispatcher-67] INFO  com.intuit.karate - Timestamp => 332023212449 
21:24:49.710 [GatlingSystem-akka.actor.default-dispatcher-67] INFO  com.intuit.karate - [print] requestPayload is (updated) => [object Object] 
21:24:50.190 [gatling-1-14] INFO  com.intuit.karate.Runner - using system property 'karate.env': perf
21:24:50.202 [GatlingSystem-akka.actor.default-dispatcher-79] INFO  com.intuit.karate - karate.env system property was: perf 
21:24:50.209 [GatlingSystem-akka.actor.default-dispatcher-79] INFO  com.intuit.karate - Timestamp => 332023212450 
21:24:50.211 [GatlingSystem-akka.actor.default-dispatcher-79] INFO  com.intuit.karate - [print] requestPayload is (updated) => [object Object] 
21:24:50.688 [gatling-1-15] INFO  com.intuit.karate.Runner - using system property 'karate.env': perf
21:24:50.694 [GatlingSystem-akka.actor.default-dispatcher-89] INFO  com.intuit.karate - karate.env system property was: perf 
21:24:50.698 [GatlingSystem-akka.actor.default-dispatcher-89] INFO  com.intuit.karate - Timestamp => 332023212450 
21:24:50.699 [GatlingSystem-akka.actor.default-dispatcher-89] INFO  com.intuit.karate - [print] requestPayload is (updated) => [object Object] 
21:24:51.191 [gatling-1-16] INFO  com.intuit.karate.Runner - using system property 'karate.env': perf
21:24:51.202 [GatlingSystem-akka.actor.default-dispatcher-101] INFO  com.intuit.karate - karate.env system property was: perf 
21:24:51.208 [GatlingSystem-akka.actor.default-dispatcher-101] INFO  com.intuit.karate - Timestamp => 332023212451 
21:24:51.209 [GatlingSystem-akka.actor.default-dispatcher-101] INFO  com.intuit.karate - [print] requestPayload is (updated) => [object Object] 
21:24:51.690 [gatling-1-17] INFO  com.intuit.karate.Runner - using system property 'karate.env': perf
21:24:51.703 [GatlingSystem-akka.actor.default-dispatcher-12] INFO  com.intuit.karate - karate.env system property was: perf 
21:24:51.709 [GatlingSystem-akka.actor.default-dispatcher-12] INFO  com.intuit.karate - Timestamp => 332023212451 
21:24:51.711 [GatlingSystem-akka.actor.default-dispatcher-12] INFO  com.intuit.karate - [print] requestPayload is (updated) => [object Object] 
21:24:52.189 [gatling-1-18] INFO  com.intuit.karate.Runner - using system property 'karate.env': perf
21:24:52.202 [GatlingSystem-akka.actor.default-dispatcher-26] INFO  com.intuit.karate - karate.env system property was: perf 
21:24:52.208 [GatlingSystem-akka.actor.default-dispatcher-26] INFO  com.intuit.karate - Timestamp => 332023212452 
21:24:52.209 [GatlingSystem-akka.actor.default-dispatcher-26] INFO  com.intuit.karate - [print] requestPayload is (updated) => [object Object] 
21:24:52.690 [gatling-1-19] INFO  com.intuit.karate.Runner - using system property 'karate.env': perf
21:24:52.701 [GatlingSystem-akka.actor.default-dispatcher-34] INFO  com.intuit.karate - karate.env system property was: perf 
21:24:52.707 [GatlingSystem-akka.actor.default-dispatcher-34] INFO  com.intuit.karate - Timestamp => 332023212452 
21:24:52.709 [GatlingSystem-akka.actor.default-dispatcher-34] INFO  com.intuit.karate - [print] requestPayload is (updated) => [object Object] 
21:24:53.191 [gatling-1-20] INFO  com.intuit.karate.Runner - using system property 'karate.env': perf
21:24:53.202 [GatlingSystem-akka.actor.default-dispatcher-47] INFO  com.intuit.karate - karate.env system property was: perf 
21:24:53.208 [GatlingSystem-akka.actor.default-dispatcher-47] INFO  com.intuit.karate - Timestamp => 332023212453 
21:24:53.210 [GatlingSystem-akka.actor.default-dispatcher-47] INFO  com.intuit.karate - [print] requestPayload is (updated) => [object Object] 
21:24:53.690 [gatling-1-1] INFO  com.intuit.karate.Runner - using system property 'karate.env': perf
21:24:53.708 [GatlingSystem-akka.actor.default-dispatcher-59] INFO  com.intuit.karate - karate.env system property was: perf 
21:24:53.713 [GatlingSystem-akka.actor.default-dispatcher-59] INFO  com.intuit.karate - Timestamp => 332023212453 
21:24:53.714 [GatlingSystem-akka.actor.default-dispatcher-59] INFO  com.intuit.karate - [print] requestPayload is (updated) => [object Object] 
21:24:54.193 [gatling-1-2] INFO  com.intuit.karate.Runner - using system property 'karate.env': perf
21:24:54.202 [GatlingSystem-akka.actor.default-dispatcher-71] INFO  com.intuit.karate - karate.env system property was: perf 
21:24:54.208 [GatlingSystem-akka.actor.default-dispatcher-71] INFO  com.intuit.karate - Timestamp => 332023212454 
21:24:54.209 [GatlingSystem-akka.actor.default-dispatcher-71] INFO  com.intuit.karate - [print] requestPayload is (updated) => [object Object] 
21:24:54.690 [gatling-1-3] INFO  com.intuit.karate.Runner - using system property 'karate.env': perf
21:24:54.702 [GatlingSystem-akka.actor.default-dispatcher-81] INFO  com.intuit.karate - karate.env system property was: perf 
21:24:54.707 [GatlingSystem-akka.actor.default-dispatcher-81] INFO  com.intuit.karate - Timestamp => 332023212454 
21:24:54.709 [GatlingSystem-akka.actor.default-dispatcher-81] INFO  com.intuit.karate - [print] requestPayload is (updated) => [object Object] 
21:24:55.190 [gatling-1-4] INFO  com.intuit.karate.Runner - using system property 'karate.env': perf
21:24:55.202 [GatlingSystem-akka.actor.default-dispatcher-94] INFO  com.intuit.karate - karate.env system property was: perf 
21:24:55.208 [GatlingSystem-akka.actor.default-dispatcher-94] INFO  com.intuit.karate - Timestamp => 332023212455 
21:24:55.209 [GatlingSystem-akka.actor.default-dispatcher-94] INFO  com.intuit.karate - [print] requestPayload is (updated) => [object Object] 
21:24:55.688 [gatling-1-5] INFO  com.intuit.karate.Runner - using system property 'karate.env': perf
21:24:55.694 [GatlingSystem-akka.actor.default-dispatcher-102] INFO  com.intuit.karate - karate.env system property was: perf 
21:24:55.697 [GatlingSystem-akka.actor.default-dispatcher-102] INFO  com.intuit.karate - Timestamp => 332023212455 
21:24:55.697 [GatlingSystem-akka.actor.default-dispatcher-102] INFO  com.intuit.karate - [print] requestPayload is (updated) => [object Object] 
21:24:56.191 [gatling-1-6] INFO  com.intuit.karate.Runner - using system property 'karate.env': perf
21:24:56.202 [GatlingSystem-akka.actor.default-dispatcher-15] INFO  com.intuit.karate - karate.env system property was: perf 
21:24:56.205 [GatlingSystem-akka.actor.default-dispatcher-15] INFO  com.intuit.karate - Timestamp => 332023212456 
21:24:56.206 [GatlingSystem-akka.actor.default-dispatcher-15] INFO  com.intuit.karate - [print] requestPayload is (updated) => [object Object] 
21:24:56.690 [gatling-1-7] INFO  com.intuit.karate.Runner - using system property 'karate.env': perf
21:24:56.701 [GatlingSystem-akka.actor.default-dispatcher-28] INFO  com.intuit.karate - karate.env system property was: perf 
21:24:56.707 [GatlingSystem-akka.actor.default-dispatcher-28] INFO  com.intuit.karate - Timestamp => 332023212456 
21:24:56.708 [GatlingSystem-akka.actor.default-dispatcher-28] INFO  com.intuit.karate - [print] requestPayload is (updated) => [object Object] 
21:25:06.690 [gatling-1-8] INFO  com.intuit.karate.Runner - using system property 'karate.env': perf
21:25:06.701 [GatlingSystem-akka.actor.default-dispatcher-65] INFO  com.intuit.karate - karate.env system property was: perf 
21:25:06.706 [GatlingSystem-akka.actor.default-dispatcher-65] INFO  com.intuit.karate - Timestamp => 33202321256 
21:25:06.707 [GatlingSystem-akka.actor.default-dispatcher-65] INFO  com.intuit.karate - [print] requestPayload is (updated) => [object Object] 
21:25:21.690 [gatling-1-9] INFO  com.intuit.karate.Runner - using system property 'karate.env': perf
21:25:21.702 [GatlingSystem-akka.actor.default-dispatcher-8] INFO  com.intuit.karate - karate.env system property was: perf 
21:25:21.707 [GatlingSystem-akka.actor.default-dispatcher-8] INFO  com.intuit.karate - Timestamp => 332023212521 
21:25:21.709 [GatlingSystem-akka.actor.default-dispatcher-8] INFO  com.intuit.karate - [print] requestPayload is (updated) => [object Object] 
21:25:22.689 [gatling-1-10] INFO  com.intuit.karate.Runner - using system property 'karate.env': perf
21:25:22.700 [GatlingSystem-akka.actor.default-dispatcher-25] INFO  com.intuit.karate - karate.env system property was: perf 
21:25:22.706 [GatlingSystem-akka.actor.default-dispatcher-25] INFO  com.intuit.karate - Timestamp => 332023212522 
21:25:22.707 [GatlingSystem-akka.actor.default-dispatcher-25] INFO  com.intuit.karate - [print] requestPayload is (updated) => [object Object] 
21:25:23.688 [gatling-1-11] INFO  com.intuit.karate.Runner - using system property 'karate.env': perf
21:25:23.694 [GatlingSystem-akka.actor.default-dispatcher-26] INFO  com.intuit.karate - karate.env system property was: perf 
21:25:23.697 [GatlingSystem-akka.actor.default-dispatcher-26] INFO  com.intuit.karate - Timestamp => 332023212523 
21:25:23.697 [GatlingSystem-akka.actor.default-dispatcher-26] INFO  com.intuit.karate - [print] requestPayload is (updated) => [object Object] 
21:25:24.690 [gatling-1-12] INFO  com.intuit.karate.Runner - using system property 'karate.env': perf
21:25:24.701 [GatlingSystem-akka.actor.default-dispatcher-50] INFO  com.intuit.karate - karate.env system property was: perf 
21:25:24.704 [GatlingSystem-akka.actor.default-dispatcher-34] INFO  i.g.core.controller.inject.Injector - Scenario create and delete article has finished injecting
21:25:24.704 [GatlingSystem-akka.actor.default-dispatcher-34] INFO  i.g.core.controller.inject.Injector - Injecting is done
21:25:24.707 [GatlingSystem-akka.actor.default-dispatcher-50] INFO  com.intuit.karate - Timestamp => 332023212524 
21:25:24.708 [GatlingSystem-akka.actor.default-dispatcher-50] INFO  com.intuit.karate - [print] requestPayload is (updated) => [object Object] 
21:25:25.688 [gatling-1-13] INFO  com.intuit.karate.Runner - using system property 'karate.env': perf
21:25:25.691 [GatlingSystem-akka.actor.default-dispatcher-54] INFO  com.intuit.karate - karate.env system property was: perf 
21:25:25.692 [GatlingSystem-akka.actor.default-dispatcher-54] INFO  com.intuit.karate - Timestamp => 332023212525 
21:25:25.692 [GatlingSystem-akka.actor.default-dispatcher-54] INFO  com.intuit.karate - [print] requestPayload is (updated) => [object Object] 
21:25:26.219 [GatlingSystem-akka.actor.default-dispatcher-63] INFO  i.g.core.controller.inject.Injector - All users of scenario create and delete article are stopped
21:25:26.220 [GatlingSystem-akka.actor.default-dispatcher-63] INFO  i.g.core.controller.inject.Injector - Stopping
21:25:26.222 [GatlingSystem-akka.actor.default-dispatcher-65] INFO  i.gatling.core.controller.Controller - Injector has stopped, initiating graceful stop
21:25:26.258 [GatlingSystem-akka.actor.default-dispatcher-59] INFO  akka.actor.CoordinatedShutdown - Running CoordinatedShutdown with reason [ActorSystemTerminateReason]
21:25:26.280 [main] INFO  i.gatling.charts.stats.LogFileReader - Collected List(/Users/hp/KARATE/KarateBDD/target/gatling/perftest-20230403112437648/simulation.log) from perftest-20230403112437648
21:25:26.285 [main] INFO  i.gatling.charts.stats.LogFileReader - First pass
21:25:26.288 [main] INFO  i.gatling.charts.stats.LogFileReader - First pass done: read 101 lines
21:25:26.292 [main] INFO  i.gatling.charts.stats.LogFileReader - Second pass
21:25:26.306 [main] INFO  i.gatling.charts.stats.LogFileReader - Second pass: read 101 lines
21:34:51.905 [main] INFO  com.intuit.karate.Runner - using system property 'karate.options': --tags @regression
21:34:51.949 [main] INFO  com.intuit.karate.Runner - using system property 'karate.env': dev
21:34:52.690 [pool-1-thread-4] INFO  com.intuit.karate - karate.env system property was: dev 
21:34:52.693 [pool-1-thread-4] INFO  com.intuit.karate - >> lock acquired, begin callSingle: classpath:helpers/createToken.feature
21:34:52.726 [pool-1-thread-4] INFO  com.intuit.karate - [print] (debugToday) userEmail = karate_siddy@test.com 
21:34:52.728 [pool-1-thread-4] INFO  com.intuit.karate - [print] (debugToday) userPass  = karate1234 
21:34:53.557 [pool-1-thread-4] INFO  com.intuit.karate - [print] authToken from createToken feature => eyJhbGciOiJIUzI1NiIsInR5cCI6IkpXVCJ9.eyJlbWFpbCI6ImthcmF0ZV9zaWRkeUB0ZXN0LmNvbSIsInVzZXJuYW1lIjoia2FyYXRlX3NpZGR5ODgiLCJpYXQiOjE2ODA1MjE2OTMsImV4cCI6MTY4NTcwNTY5M30.Sy9vantFPF1CenskjOWOvhq1FgqWjH8xn6bFY8RgECA 
21:34:53.558 [pool-1-thread-4] INFO  com.intuit.karate - << lock released, cached callSingle: classpath:helpers/createToken.feature
21:34:53.565 [pool-1-thread-3] INFO  com.intuit.karate - karate.env system property was: dev 
21:34:53.568 [pool-1-thread-2] INFO  com.intuit.karate - karate.env system property was: dev 
21:34:53.571 [pool-1-thread-1] INFO  com.intuit.karate - karate.env system property was: dev 
21:34:53.587 [pool-1-thread-1] INFO  com.intuit.karate - [print] title is (updated) => g6XzkP7KA6 
21:34:53.588 [pool-1-thread-2] INFO  com.intuit.karate - [print] title is (updated delete) => LFFdtzbWFx 
21:34:53.594 [pool-1-thread-2] INFO  com.intuit.karate - [print] requestPayload is (updated) => [object Object] 
21:34:53.594 [pool-1-thread-1] INFO  com.intuit.karate - [print] requestPayload is (updated) => [object Object] 
21:34:54.939 [pool-2-thread-1] INFO  com.intuit.karate.Suite - <<pass>> feature 1 of 3 (2 remaining) classpath:conduitApp/feature/Articles.feature
21:34:55.022 [pool-2-thread-1] INFO  com.intuit.karate.Suite - <<pass>> feature 2 of 3 (1 remaining) classpath:conduitApp/feature/HomePage.feature
